Welcome to Xilinx CORE Generator.
Help system initialized.
The IP Catalog has been reloaded.
Opening project file /home/gardners/vga/vga.cgp.
Customize and GenerateINFO:sim:172 - Generating IP...
Applying current project options...
Finished applying current project options.
Resolving generics for 'fastram'...
Applying external generics to 'fastram'...
Delivering associated files for 'fastram'...
Delivering EJava files for 'fastram'...
Generating implementation netlist for 'fastram'...
INFO:sim - Pre-processing HDL files for 'fastram'...
Running synthesis for 'fastram'
Running ngcbuild...
Writing VHO instantiation template for 'fastram'...
Writing VHDL behavioral simulation model for 'fastram'...
WARNING:sim - Overwriting existing file
   /home/gardners/vga/tmp/_cg/fastram/doc/blk_mem_gen_v7_3_vinfo.html with file
   from view xilinx_documentation
Delivered 1 file into directory /home/gardners/vga/tmp/_cg/fastram
Generating ASY schematic symbol...
INFO:sim:949 - Finished generation of ASY schematic symbol.
Generating metadata file...
Generating ISE project file for 'fastram'...
Generating ISE project...
XCO file found: fastram.xco
XMDF file found: fastram_xmdf.tcl
Adding /home/gardners/vga/tmp/_cg/fastram.asy -view all -origin_type imported
Adding /home/gardners/vga/tmp/_cg/fastram.ngc -view all -origin_type created
Checking file "/home/gardners/vga/tmp/_cg/fastram.ngc" for project device match
...
File "/home/gardners/vga/tmp/_cg/fastram.ngc" device information matches project
device.
Adding /home/gardners/vga/tmp/_cg/fastram.vhd -view all -origin_type created
INFO:HDLCompiler:1061 - Parsing VHDL file
   "/home/gardners/vga/tmp/_cg/fastram.vhd" into library work
INFO:ProjectMgmt - Parsing design hierarchy completed successfully.
Adding /home/gardners/vga/tmp/_cg/fastram.vho -view all -origin_type imported
INFO:TclTasksC:2116 - The automatic calculation of top has been turned-off.
   Please set the new top explicitly by running the "project set top" command.
   To re-calculate the new top automatically, set the "Auto Implementation Top"
   property to true.
Top level has been set to "/fastram"
Generating README file...
Generating FLIST file...
INFO:sim:948 - Finished FLIST file generation.
Launching README viewer...
Moving files to output directory...
Finished moving files to output directory
Saved CGP file for project 'vga'.
